{"/home/astinaam/projects/email-collector/src/app/api/collect/route.ts": {"path":"/home/astinaam/projects/email-collector/src/app/api/collect/route.ts","statementMap":{"0":{"start":{"line":4,"column":2},"end":{"line":4,"column":null}},"1":{"start":{"line":8,"column":2},"end":{"line":24,"column":null}},"2":{"start":{"line":9,"column":17},"end":{"line":9,"column":null}},"3":{"start":{"line":10,"column":18},"end":{"line":10,"column":null}},"4":{"start":{"line":12,"column":4},"end":{"line":14,"column":null}},"5":{"start":{"line":13,"column":6},"end":{"line":13,"column":null}},"6":{"start":{"line":19,"column":4},"end":{"line":19,"column":null}},"7":{"start":{"line":21,"column":4},"end":{"line":21,"column":null}},"8":{"start":{"line":23,"column":4},"end":{"line":23,"column":null}}},"fnMap":{"0":{"name":"isValidEmail","decl":{"start":{"line":3,"column":9},"end":{"line":3,"column":22}},"loc":{"start":{"line":3,"column":38},"end":{"line":5,"column":null}},"line":3},"1":{"name":"POST","decl":{"start":{"line":7,"column":22},"end":{"line":7,"column":27}},"loc":{"start":{"line":7,"column":41},"end":{"line":25,"column":null}},"line":7}},"branchMap":{"0":{"loc":{"start":{"line":4,"column":9},"end":{"line":4,"column":null}},"type":"binary-expr","locations":[{"start":{"line":4,"column":9},"end":{"line":4,"column":38}},{"start":{"line":4,"column":38},"end":{"line":4,"column":null}}],"line":4},"1":{"loc":{"start":{"line":12,"column":4},"end":{"line":14,"column":null}},"type":"if","locations":[{"start":{"line":12,"column":4},"end":{"line":14,"column":null}},{"start":{},"end":{}}],"line":12}},"s":{"0":3,"1":4,"2":4,"3":3,"4":4,"5":2,"6":1,"7":1,"8":1},"f":{"0":3,"1":4},"b":{"0":[3,2],"1":[2,2]},"meta":{"lastBranch":2,"lastFunction":2,"lastStatement":9,"seen":{"f:3:9:3:22":0,"s:4:2:4:Infinity":0,"b:4:9:4:38:4:38:4:Infinity":0,"f:7:22:7:27":1,"s:8:2:24:Infinity":1,"s:9:17:9:Infinity":2,"s:10:18:10:Infinity":3,"b:12:4:14:Infinity:undefined:undefined:undefined:undefined":1,"s:12:4:14:Infinity":4,"s:13:6:13:Infinity":5,"s:19:4:19:Infinity":6,"s:21:4:21:Infinity":7,"s:23:4:23:Infinity":8}}}
,"/home/astinaam/projects/email-collector/src/app/api/public/collect/[projectId]/route.ts": {"path":"/home/astinaam/projects/email-collector/src/app/api/public/collect/[projectId]/route.ts","statementMap":{"0":{"start":{"line":4,"column":29},"end":{"line":4,"column":null}},"1":{"start":{"line":5,"column":23},"end":{"line":5,"column":null}},"2":{"start":{"line":9,"column":20},"end":{"line":9,"column":null}},"3":{"start":{"line":12,"column":2},"end":{"line":12,"column":null}},"4":{"start":{"line":16,"column":20},"end":{"line":16,"column":null}},"5":{"start":{"line":17,"column":2},"end":{"line":17,"column":null}},"6":{"start":{"line":17,"column":17},"end":{"line":17,"column":null}},"7":{"start":{"line":18,"column":17},"end":{"line":18,"column":null}},"8":{"start":{"line":19,"column":2},"end":{"line":19,"column":null}},"9":{"start":{"line":19,"column":14},"end":{"line":19,"column":null}},"10":{"start":{"line":20,"column":2},"end":{"line":20,"column":null}},"11":{"start":{"line":24,"column":2},"end":{"line":28,"column":null}},"12":{"start":{"line":33,"column":2},"end":{"line":33,"column":null}},"13":{"start":{"line":37,"column":14},"end":{"line":37,"column":null}},"14":{"start":{"line":38,"column":14},"end":{"line":38,"column":null}},"15":{"start":{"line":39,"column":22},"end":{"line":39,"column":null}},"16":{"start":{"line":40,"column":19},"end":{"line":40,"column":null}},"17":{"start":{"line":40,"column":37},"end":{"line":40,"column":52}},"18":{"start":{"line":41,"column":2},"end":{"line":41,"column":null}},"19":{"start":{"line":42,"column":2},"end":{"line":42,"column":null}},"20":{"start":{"line":43,"column":2},"end":{"line":43,"column":null}},"21":{"start":{"line":47,"column":2},"end":{"line":57,"column":null}},"22":{"start":{"line":64,"column":2},"end":{"line":127,"column":null}},"23":{"start":{"line":65,"column":19},"end":{"line":65,"column":null}},"24":{"start":{"line":66,"column":26},"end":{"line":66,"column":null}},"25":{"start":{"line":68,"column":17},"end":{"line":68,"column":null}},"26":{"start":{"line":69,"column":18},"end":{"line":69,"column":null}},"27":{"start":{"line":71,"column":4},"end":{"line":76,"column":null}},"28":{"start":{"line":72,"column":6},"end":{"line":75,"column":null}},"29":{"start":{"line":78,"column":25},"end":{"line":78,"column":null}},"30":{"start":{"line":79,"column":4},"end":{"line":84,"column":null}},"31":{"start":{"line":80,"column":6},"end":{"line":83,"column":null}},"32":{"start":{"line":86,"column":20},"end":{"line":86,"column":null}},"33":{"start":{"line":87,"column":4},"end":{"line":92,"column":null}},"34":{"start":{"line":88,"column":6},"end":{"line":91,"column":null}},"35":{"start":{"line":94,"column":15},"end":{"line":94,"column":null}},"36":{"start":{"line":95,"column":20},"end":{"line":95,"column":null}},"37":{"start":{"line":96,"column":22},"end":{"line":96,"column":null}},"38":{"start":{"line":98,"column":18},"end":{"line":98,"column":null}},"39":{"start":{"line":99,"column":4},"end":{"line":104,"column":null}},"40":{"start":{"line":100,"column":6},"end":{"line":103,"column":null}},"41":{"start":{"line":107,"column":4},"end":{"line":115,"column":null}},"42":{"start":{"line":117,"column":4},"end":{"line":120,"column":null}},"43":{"start":{"line":122,"column":4},"end":{"line":122,"column":null}},"44":{"start":{"line":123,"column":4},"end":{"line":126,"column":null}}},"fnMap":{"0":{"name":"isValidEmail","decl":{"start":{"line":11,"column":9},"end":{"line":11,"column":22}},"loc":{"start":{"line":11,"column":38},"end":{"line":13,"column":null}},"line":11},"1":{"name":"getClientIp","decl":{"start":{"line":15,"column":9},"end":{"line":15,"column":21}},"loc":{"start":{"line":15,"column":35},"end":{"line":21,"column":null}},"line":15},"2":{"name":"getCountryFromHeaders","decl":{"start":{"line":23,"column":9},"end":{"line":23,"column":31}},"loc":{"start":{"line":23,"column":45},"end":{"line":30,"column":null}},"line":23},"3":{"name":"getUserAgent","decl":{"start":{"line":32,"column":9},"end":{"line":32,"column":22}},"loc":{"start":{"line":32,"column":36},"end":{"line":34,"column":null}},"line":32},"4":{"name":"tooManyRequests","decl":{"start":{"line":36,"column":9},"end":{"line":36,"column":25}},"loc":{"start":{"line":36,"column":38},"end":{"line":44,"column":null}},"line":36},"5":{"name":"(anonymous_5)","decl":{"start":{"line":40,"column":30},"end":{"line":40,"column":31}},"loc":{"start":{"line":40,"column":37},"end":{"line":40,"column":52}},"line":40},"6":{"name":"OPTIONS","decl":{"start":{"line":46,"column":22},"end":{"line":46,"column":32}},"loc":{"start":{"line":46,"column":32},"end":{"line":58,"column":null}},"line":46},"7":{"name":"POST","decl":{"start":{"line":60,"column":22},"end":{"line":60,"column":null}},"loc":{"start":{"line":63,"column":2},"end":{"line":128,"column":null}},"line":63}},"branchMap":{"0":{"loc":{"start":{"line":12,"column":9},"end":{"line":12,"column":null}},"type":"binary-expr","locations":[{"start":{"line":12,"column":9},"end":{"line":12,"column":38}},{"start":{"line":12,"column":38},"end":{"line":12,"column":null}}],"line":12},"1":{"loc":{"start":{"line":17,"column":2},"end":{"line":17,"column":null}},"type":"if","locations":[{"start":{"line":17,"column":2},"end":{"line":17,"column":null}},{"start":{},"end":{}}],"line":17},"2":{"loc":{"start":{"line":19,"column":2},"end":{"line":19,"column":null}},"type":"if","locations":[{"start":{"line":19,"column":2},"end":{"line":19,"column":null}},{"start":{},"end":{}}],"line":19},"3":{"loc":{"start":{"line":25,"column":4},"end":{"line":28,"column":null}},"type":"binary-expr","locations":[{"start":{"line":25,"column":4},"end":{"line":25,"column":null}},{"start":{"line":26,"column":4},"end":{"line":26,"column":null}},{"start":{"line":27,"column":4},"end":{"line":27,"column":null}},{"start":{"line":28,"column":4},"end":{"line":28,"column":null}}],"line":25},"4":{"loc":{"start":{"line":33,"column":9},"end":{"line":33,"column":null}},"type":"binary-expr","locations":[{"start":{"line":33,"column":9},"end":{"line":33,"column":42}},{"start":{"line":33,"column":42},"end":{"line":33,"column":null}}],"line":33},"5":{"loc":{"start":{"line":38,"column":14},"end":{"line":38,"column":null}},"type":"binary-expr","locations":[{"start":{"line":38,"column":14},"end":{"line":38,"column":38}},{"start":{"line":38,"column":38},"end":{"line":38,"column":null}}],"line":38},"6":{"loc":{"start":{"line":71,"column":4},"end":{"line":76,"column":null}},"type":"if","locations":[{"start":{"line":71,"column":4},"end":{"line":76,"column":null}},{"start":{},"end":{}}],"line":71},"7":{"loc":{"start":{"line":78,"column":25},"end":{"line":78,"column":null}},"type":"binary-expr","locations":[{"start":{"line":78,"column":25},"end":{"line":78,"column":57}},{"start":{"line":78,"column":57},"end":{"line":78,"column":null}}],"line":78},"8":{"loc":{"start":{"line":79,"column":4},"end":{"line":84,"column":null}},"type":"if","locations":[{"start":{"line":79,"column":4},"end":{"line":84,"column":null}},{"start":{},"end":{}}],"line":79},"9":{"loc":{"start":{"line":87,"column":4},"end":{"line":92,"column":null}},"type":"if","locations":[{"start":{"line":87,"column":4},"end":{"line":92,"column":null}},{"start":{},"end":{}}],"line":87},"10":{"loc":{"start":{"line":87,"column":8},"end":{"line":87,"column":53}},"type":"binary-expr","locations":[{"start":{"line":87,"column":8},"end":{"line":87,"column":20}},{"start":{"line":87,"column":20},"end":{"line":87,"column":53}}],"line":87},"11":{"loc":{"start":{"line":99,"column":4},"end":{"line":104,"column":null}},"type":"if","locations":[{"start":{"line":99,"column":4},"end":{"line":104,"column":null}},{"start":{},"end":{}}],"line":99},"12":{"loc":{"start":{"line":110,"column":12},"end":{"line":110,"column":null}},"type":"cond-expr","locations":[{"start":{"line":110,"column":31},"end":{"line":110,"column":38}},{"start":{"line":110,"column":38},"end":{"line":110,"column":null}}],"line":110},"13":{"loc":{"start":{"line":111,"column":17},"end":{"line":111,"column":null}},"type":"binary-expr","locations":[{"start":{"line":111,"column":17},"end":{"line":111,"column":28}},{"start":{"line":111,"column":28},"end":{"line":111,"column":null}}],"line":111},"14":{"loc":{"start":{"line":112,"column":19},"end":{"line":112,"column":null}},"type":"binary-expr","locations":[{"start":{"line":112,"column":19},"end":{"line":112,"column":32}},{"start":{"line":112,"column":32},"end":{"line":112,"column":null}}],"line":112}},"s":{"0":1,"1":1,"2":1,"3":5,"4":1,"5":1,"6":0,"7":1,"8":1,"9":0,"10":1,"11":1,"12":1,"13":1,"14":1,"15":1,"16":1,"17":0,"18":1,"19":1,"20":1,"21":1,"22":5,"23":5,"24":5,"25":5,"26":5,"27":5,"28":1,"29":4,"30":5,"31":1,"32":3,"33":2,"34":1,"35":1,"36":1,"37":1,"38":1,"39":1,"40":0,"41":1,"42":1,"43":1,"44":1},"f":{"0":5,"1":1,"2":1,"3":1,"4":1,"5":0,"6":1,"7":5},"b":{"0":[5,5],"1":[0,1],"2":[0,1],"3":[1,1,1,1],"4":[1,1],"5":[1,1],"6":[1,4],"7":[4,1],"8":[1,4],"9":[1,1],"10":[2,1],"11":[0,1],"12":[1,0],"13":[5,1],"14":[5,1]},"meta":{"lastBranch":15,"lastFunction":8,"lastStatement":45,"seen":{"s:4:29:4:Infinity":0,"s:5:23:5:Infinity":1,"s:9:20:9:Infinity":2,"f:11:9:11:22":0,"s:12:2:12:Infinity":3,"b:12:9:12:38:12:38:12:Infinity":0,"f:15:9:15:21":1,"s:16:20:16:Infinity":4,"b:17:2:17:Infinity:undefined:undefined:undefined:undefined":1,"s:17:2:17:Infinity":5,"s:17:17:17:Infinity":6,"s:18:17:18:Infinity":7,"b:19:2:19:Infinity:undefined:undefined:undefined:undefined":2,"s:19:2:19:Infinity":8,"s:19:14:19:Infinity":9,"s:20:2:20:Infinity":10,"f:23:9:23:31":2,"s:24:2:28:Infinity":11,"b:25:4:25:Infinity:26:4:26:Infinity:27:4:27:Infinity:28:4:28:Infinity":3,"f:32:9:32:22":3,"s:33:2:33:Infinity":12,"b:33:9:33:42:33:42:33:Infinity":4,"f:36:9:36:25":4,"s:37:14:37:Infinity":13,"s:38:14:38:Infinity":14,"b:38:14:38:38:38:38:38:Infinity":5,"s:39:22:39:Infinity":15,"s:40:19:40:Infinity":16,"f:40:30:40:31":5,"s:40:37:40:52":17,"s:41:2:41:Infinity":18,"s:42:2:42:Infinity":19,"s:43:2:43:Infinity":20,"f:46:22:46:32":6,"s:47:2:57:Infinity":21,"f:60:22:60:Infinity":7,"s:64:2:127:Infinity":22,"s:65:19:65:Infinity":23,"s:66:26:66:Infinity":24,"s:68:17:68:Infinity":25,"s:69:18:69:Infinity":26,"b:71:4:76:Infinity:undefined:undefined:undefined:undefined":6,"s:71:4:76:Infinity":27,"s:72:6:75:Infinity":28,"s:78:25:78:Infinity":29,"b:78:25:78:57:78:57:78:Infinity":7,"b:79:4:84:Infinity:undefined:undefined:undefined:undefined":8,"s:79:4:84:Infinity":30,"s:80:6:83:Infinity":31,"s:86:20:86:Infinity":32,"b:87:4:92:Infinity:undefined:undefined:undefined:undefined":9,"s:87:4:92:Infinity":33,"b:87:8:87:20:87:20:87:53":10,"s:88:6:91:Infinity":34,"s:94:15:94:Infinity":35,"s:95:20:95:Infinity":36,"s:96:22:96:Infinity":37,"s:98:18:98:Infinity":38,"b:99:4:104:Infinity:undefined:undefined:undefined:undefined":11,"s:99:4:104:Infinity":39,"s:100:6:103:Infinity":40,"s:107:4:115:Infinity":41,"b:110:31:110:38:110:38:110:Infinity":12,"b:111:17:111:28:111:28:111:Infinity":13,"b:112:19:112:32:112:32:112:Infinity":14,"s:117:4:120:Infinity":42,"s:122:4:122:Infinity":43,"s:123:4:126:Infinity":44}}}
,"/home/astinaam/projects/email-collector/src/components/ui/button.tsx": {"path":"/home/astinaam/projects/email-collector/src/components/ui/button.tsx","statementMap":{"0":{"start":{"line":7,"column":6},"end":{"line":37,"column":null}},"1":{"start":{"line":49,"column":15},"end":{"line":49,"column":null}},"2":{"start":{"line":51,"column":2},"end":{"line":56,"column":null}}},"fnMap":{"0":{"name":"Button","decl":{"start":{"line":39,"column":9},"end":{"line":39,"column":16}},"loc":{"start":{"line":48,"column":5},"end":{"line":58,"column":null}},"line":48}},"branchMap":{"0":{"loc":{"start":{"line":43,"column":2},"end":{"line":43,"column":null}},"type":"default-arg","locations":[{"start":{"line":43,"column":12},"end":{"line":43,"column":null}}],"line":43},"1":{"loc":{"start":{"line":49,"column":15},"end":{"line":49,"column":null}},"type":"cond-expr","locations":[{"start":{"line":49,"column":25},"end":{"line":49,"column":32}},{"start":{"line":49,"column":32},"end":{"line":49,"column":null}}],"line":49}},"s":{"0":1,"1":3,"2":3},"f":{"0":3},"b":{"0":[3],"1":[0,3]},"meta":{"lastBranch":2,"lastFunction":1,"lastStatement":3,"seen":{"s:7:6:37:Infinity":0,"f:39:9:39:16":0,"b:43:12:43:Infinity":0,"s:49:15:49:Infinity":1,"b:49:25:49:32:49:32:49:Infinity":1,"s:51:2:56:Infinity":2}}}
,"/home/astinaam/projects/email-collector/src/components/ui/input.tsx": {"path":"/home/astinaam/projects/email-collector/src/components/ui/input.tsx","statementMap":{"0":{"start":{"line":6,"column":2},"end":{"line":17,"column":null}}},"fnMap":{"0":{"name":"Input","decl":{"start":{"line":5,"column":9},"end":{"line":5,"column":15}},"loc":{"start":{"line":5,"column":77},"end":{"line":19,"column":null}},"line":5}},"branchMap":{},"s":{"0":4},"f":{"0":4},"b":{},"meta":{"lastBranch":0,"lastFunction":1,"lastStatement":1,"seen":{"f:5:9:5:15":0,"s:6:2:17:Infinity":0}}}
,"/home/astinaam/projects/email-collector/src/components/ui/label.tsx": {"path":"/home/astinaam/projects/email-collector/src/components/ui/label.tsx","statementMap":{"0":{"start":{"line":12,"column":2},"end":{"line":20,"column":null}}},"fnMap":{"0":{"name":"Label","decl":{"start":{"line":8,"column":9},"end":{"line":8,"column":15}},"loc":{"start":{"line":11,"column":53},"end":{"line":22,"column":null}},"line":11}},"branchMap":{},"s":{"0":3},"f":{"0":3},"b":{},"meta":{"lastBranch":0,"lastFunction":1,"lastStatement":1,"seen":{"f:8:9:8:15":0,"s:12:2:20:Infinity":0}}}
,"/home/astinaam/projects/email-collector/src/lib/utils.ts": {"path":"/home/astinaam/projects/email-collector/src/lib/utils.ts","statementMap":{"0":{"start":{"line":5,"column":2},"end":{"line":5,"column":null}}},"fnMap":{"0":{"name":"cn","decl":{"start":{"line":4,"column":16},"end":{"line":4,"column":22}},"loc":{"start":{"line":4,"column":44},"end":{"line":6,"column":null}},"line":4}},"branchMap":{},"s":{"0":16},"f":{"0":16},"b":{},"meta":{"lastBranch":0,"lastFunction":1,"lastStatement":1,"seen":{"f:4:16:4:22":0,"s:5:2:5:Infinity":0}}}
}
